<?xml version="1.0" encoding="UTF-8"?>
<testsuite xmlns:xsi="http://www.w3.org/2001/XMLSchema-instance" xsi:noNamespaceSchemaLocation="https://maven.apache.org/surefire/maven-surefire-plugin/xsd/surefire-test-report-3.0.xsd" version="3.0" name="com.harsha_SMS.order_service.OrderServiceApplicationTests" time="9.795" tests="1" errors="0" skipped="0" failures="0">
  <properties>
[...]
</properties>
  <testcase name="contextLoads" classname="com.harsha_SMS.order_service.OrderServiceApplicationTests" time="0.998">
    <system-out><![CDATA[21:07:12.149 [main] INFO org.springframework.test.context.support.AnnotationConfigContextLoaderUtils -- Could not detect default configuration classes for test class [com.harsha_SMS.order_service.OrderServiceApplicationTests]: OrderServiceApplicationTests does not declare any static, non-private, non-final, nested classes annotated with @Configuration.
21:07:12.344 [main] INFO org.springframework.boot.test.context.SpringBootTestContextBootstrapper -- Found @SpringBootConfiguration com.harsha_SMS.order_service.OrderServiceApplication for test class com.harsha_SMS.order_service.OrderServiceApplicationTests

  .   ____          _            __ _ _
 /\\ / ___'_ __ _ _(_)_ __  __ _ \ \ \ \
( ( )\___ | '_ | '_| | '_ \/ _` | \ \ \ \
 \\/  ___)| |_)| | | | | || (_| |  ) ) ) )
  '  |____| .__|_| |_|_| |_\__, | / / / /
 =========|_|==============|___/=/_/_/_/
 :: Spring Boot ::                (v3.2.4)

2024-10-02T21:07:13.529+05:30  INFO 3788 --- [order-service] [           main] c.h.o.OrderServiceApplicationTests       : Starting OrderServiceApplicationTests using Java 17.0.12 with PID 3788 (started by harab in F:\Interview Ready\Microservices\product-service\microservices-new\order-service)
2024-10-02T21:07:13.532+05:30  INFO 3788 --- [order-service] [           main] c.h.o.OrderServiceApplicationTests       : No active profile set, falling back to 1 default profile: "default"
2024-10-02T21:07:14.857+05:30  INFO 3788 --- [order-service] [           main] .s.d.r.c.RepositoryConfigurationDelegate : Bootstrapping Spring Data JPA repositories in DEFAULT mode.
2024-10-02T21:07:15.128+05:30  INFO 3788 --- [order-service] [           main] .s.d.r.c.RepositoryConfigurationDelegate : Finished Spring Data repository scanning in 259 ms. Found 1 JPA repository interface.
2024-10-02T21:07:16.051+05:30  INFO 3788 --- [order-service] [           main] o.hibernate.jpa.internal.util.LogHelper  : HHH000204: Processing PersistenceUnitInfo [name: default]
2024-10-02T21:07:16.160+05:30  INFO 3788 --- [order-service] [           main] org.hibernate.Version                    : HHH000412: Hibernate ORM core version 6.4.4.Final
2024-10-02T21:07:16.237+05:30  INFO 3788 --- [order-service] [           main] o.h.c.internal.RegionFactoryInitiator    : HHH000026: Second-level cache disabled
2024-10-02T21:07:16.692+05:30  INFO 3788 --- [order-service] [           main] o.s.o.j.p.SpringPersistenceUnitInfo      : No LoadTimeWeaver setup: ignoring JPA class transformer
2024-10-02T21:07:16.734+05:30  INFO 3788 --- [order-service] [           main] com.zaxxer.hikari.HikariDataSource       : HikariPool-1 - Starting...
2024-10-02T21:07:17.327+05:30  INFO 3788 --- [order-service] [           main] com.zaxxer.hikari.pool.HikariPool        : HikariPool-1 - Added connection com.mysql.cj.jdbc.ConnectionImpl@7fe87c0e
2024-10-02T21:07:17.333+05:30  INFO 3788 --- [order-service] [           main] com.zaxxer.hikari.HikariDataSource       : HikariPool-1 - Start completed.
2024-10-02T21:07:17.462+05:30  WARN 3788 --- [order-service] [           main] org.hibernate.orm.deprecation            : HHH90000025: MySQLDialect does not need to be specified explicitly using 'hibernate.dialect' (remove the property setting and it will be selected by default)
2024-10-02T21:07:18.900+05:30  INFO 3788 --- [order-service] [           main] o.h.e.t.j.p.i.JtaPlatformInitiator       : HHH000489: No JTA platform available (set 'hibernate.transaction.jta.platform' to enable JTA platform integration)
2024-10-02T21:07:18.982+05:30  INFO 3788 --- [order-service] [           main] j.LocalContainerEntityManagerFactoryBean : Initialized JPA EntityManagerFactory for persistence unit 'default'
2024-10-02T21:07:19.759+05:30  WARN 3788 --- [order-service] [           main] JpaBaseConfiguration$JpaWebConfiguration : spring.jpa.open-in-view is enabled by default. Therefore, database queries may be performed during view rendering. Explicitly configure spring.jpa.open-in-view to disable this warning
2024-10-02T21:07:20.519+05:30  INFO 3788 --- [order-service] [           main] c.h.o.OrderServiceApplicationTests       : Started OrderServiceApplicationTests in 7.823 seconds (process running for 10.039)
]]></system-out>
  </testcase>
</testsuite>