<?xml version="1.0" encoding="UTF-8"?>
<testsuite xmlns:xsi="http://www.w3.org/2001/XMLSchema-instance" xsi:noNamespaceSchemaLocation="https://maven.apache.org/surefire/maven-surefire-plugin/xsd/surefire-test-report-3.0.xsd" version="3.0" name="com.harsha_SMS.order_service.OrderServiceApplicationTests" time="9.28" tests="1" errors="0" skipped="0" failures="0">
  <properties>
[...]
</properties>
  <testcase name="contextLoads" classname="com.harsha_SMS.order_service.OrderServiceApplicationTests" time="0.687">
    <system-out><![CDATA[23:13:41.065 [main] INFO org.springframework.test.context.support.AnnotationConfigContextLoaderUtils -- Could not detect default configuration classes for test class [com.harsha_SMS.order_service.OrderServiceApplicationTests]: OrderServiceApplicationTests does not declare any static, non-private, non-final, nested classes annotated with @Configuration.
23:13:41.176 [main] INFO org.springframework.boot.test.context.SpringBootTestContextBootstrapper -- Found @SpringBootConfiguration com.harsha_SMS.order_service.OrderServiceApplication for test class com.harsha_SMS.order_service.OrderServiceApplicationTests

  .   ____          _            __ _ _
 /\\ / ___'_ __ _ _(_)_ __  __ _ \ \ \ \
( ( )\___ | '_ | '_| | '_ \/ _` | \ \ \ \
 \\/  ___)| |_)| | | | | || (_| |  ) ) ) )
  '  |____| .__|_| |_|_| |_\__, | / / / /
 =========|_|==============|___/=/_/_/_/

 :: Spring Boot ::                (v3.3.3)

2024-09-30T23:13:41.877+05:30  INFO 18004 --- [           main] c.h.o.OrderServiceApplicationTests       : Starting OrderServiceApplicationTests using Java 17.0.12 with PID 18004 (started by harab in F:\Interview Ready\Microservices\product-service\microservices-new\order-service)
2024-09-30T23:13:41.878+05:30  INFO 18004 --- [           main] c.h.o.OrderServiceApplicationTests       : No active profile set, falling back to 1 default profile: "default"
2024-09-30T23:13:42.824+05:30  INFO 18004 --- [           main] .s.d.r.c.RepositoryConfigurationDelegate : Bootstrapping Spring Data JPA repositories in DEFAULT mode.
2024-09-30T23:13:43.001+05:30  INFO 18004 --- [           main] .s.d.r.c.RepositoryConfigurationDelegate : Finished Spring Data repository scanning in 165 ms. Found 1 JPA repository interface.
2024-09-30T23:13:43.396+05:30  INFO 18004 --- [           main] o.s.cloud.context.scope.GenericScope     : BeanFactory id=650c9b82-7a39-3250-9056-df257b64265b
2024-09-30T23:13:43.564+05:30  WARN 18004 --- [           main] trationDelegate$BeanPostProcessorChecker : Bean 'org.springframework.cloud.client.loadbalancer.LoadBalancerAutoConfiguration$DeferringLoadBalancerInterceptorConfig' of type [org.springframework.cloud.client.loadbalancer.LoadBalancerAutoConfiguration$DeferringLoadBalancerInterceptorConfig] is not eligible for getting processed by all BeanPostProcessors (for example: not eligible for auto-proxying). The currently created BeanPostProcessor [lbRestClientPostProcessor] is declared through a non-static factory method on that class; consider declaring it as static instead.
2024-09-30T23:13:43.567+05:30  WARN 18004 --- [           main] trationDelegate$BeanPostProcessorChecker : Bean 'deferringLoadBalancerInterceptor' of type [org.springframework.cloud.client.loadbalancer.DeferringLoadBalancerInterceptor] is not eligible for getting processed by all BeanPostProcessors (for example: not eligible for auto-proxying). Is this bean getting eagerly injected into a currently created BeanPostProcessor [lbRestClientPostProcessor]? Check the corresponding BeanPostProcessor declaration and its dependencies.
2024-09-30T23:13:43.569+05:30  WARN 18004 --- [           main] trationDelegate$BeanPostProcessorChecker : Bean 'org.springframework.cloud.client.loadbalancer.reactive.LoadBalancerBeanPostProcessorAutoConfiguration' of type [org.springframework.cloud.client.loadbalancer.reactive.LoadBalancerBeanPostProcessorAutoConfiguration] is not eligible for getting processed by all BeanPostProcessors (for example: not eligible for auto-proxying). The currently created BeanPostProcessor [loadBalancerWebClientBuilderBeanPostProcessor] is declared through a non-static factory method on that class; consider declaring it as static instead.
2024-09-30T23:13:43.571+05:30  WARN 18004 --- [           main] trationDelegate$BeanPostProcessorChecker : Bean 'org.springframework.cloud.client.loadbalancer.reactive.LoadBalancerBeanPostProcessorAutoConfiguration$ReactorDeferringLoadBalancerFilterConfig' of type [org.springframework.cloud.client.loadbalancer.reactive.LoadBalancerBeanPostProcessorAutoConfiguration$ReactorDeferringLoadBalancerFilterConfig] is not eligible for getting processed by all BeanPostProcessors (for example: not eligible for auto-proxying). Is this bean getting eagerly injected into a currently created BeanPostProcessor [loadBalancerWebClientBuilderBeanPostProcessor]? Check the corresponding BeanPostProcessor declaration and its dependencies.
2024-09-30T23:13:43.573+05:30  WARN 18004 --- [           main] trationDelegate$BeanPostProcessorChecker : Bean 'reactorDeferringLoadBalancerExchangeFilterFunction' of type [org.springframework.cloud.client.loadbalancer.reactive.DeferringLoadBalancerExchangeFilterFunction] is not eligible for getting processed by all BeanPostProcessors (for example: not eligible for auto-proxying). Is this bean getting eagerly injected into a currently created BeanPostProcessor [loadBalancerWebClientBuilderBeanPostProcessor]? Check the corresponding BeanPostProcessor declaration and its dependencies.
2024-09-30T23:13:43.762+05:30  INFO 18004 --- [           main] o.hibernate.jpa.internal.util.LogHelper  : HHH000204: Processing PersistenceUnitInfo [name: default]
2024-09-30T23:13:43.854+05:30  INFO 18004 --- [           main] org.hibernate.Version                    : HHH000412: Hibernate ORM core version 6.5.2.Final
2024-09-30T23:13:43.900+05:30  INFO 18004 --- [           main] o.h.c.internal.RegionFactoryInitiator    : HHH000026: Second-level cache disabled
2024-09-30T23:13:44.335+05:30  INFO 18004 --- [           main] o.s.o.j.p.SpringPersistenceUnitInfo      : No LoadTimeWeaver setup: ignoring JPA class transformer
2024-09-30T23:13:44.383+05:30  INFO 18004 --- [           main] com.zaxxer.hikari.HikariDataSource       : HikariPool-1 - Starting...
2024-09-30T23:13:44.776+05:30  INFO 18004 --- [           main] com.zaxxer.hikari.pool.HikariPool        : HikariPool-1 - Added connection com.mysql.cj.jdbc.ConnectionImpl@40013051
2024-09-30T23:13:44.779+05:30  INFO 18004 --- [           main] com.zaxxer.hikari.HikariDataSource       : HikariPool-1 - Start completed.
2024-09-30T23:13:44.859+05:30  WARN 18004 --- [           main] org.hibernate.orm.deprecation            : HHH90000025: MySQLDialect does not need to be specified explicitly using 'hibernate.dialect' (remove the property setting and it will be selected by default)
2024-09-30T23:13:46.375+05:30  INFO 18004 --- [           main] o.h.e.t.j.p.i.JtaPlatformInitiator       : HHH000489: No JTA platform available (set 'hibernate.transaction.jta.platform' to enable JTA platform integration)
2024-09-30T23:13:46.454+05:30  INFO 18004 --- [           main] j.LocalContainerEntityManagerFactoryBean : Initialized JPA EntityManagerFactory for persistence unit 'default'
2024-09-30T23:13:47.403+05:30  WARN 18004 --- [           main] JpaBaseConfiguration$JpaWebConfiguration : spring.jpa.open-in-view is enabled by default. Therefore, database queries may be performed during view rendering. Explicitly configure spring.jpa.open-in-view to disable this warning
2024-09-30T23:13:48.496+05:30  INFO 18004 --- [           main] DiscoveryClientOptionalArgsConfiguration : Eureka HTTP Client uses RestTemplate.
2024-09-30T23:13:48.776+05:30  WARN 18004 --- [           main] iguration$LoadBalancerCaffeineWarnLogger : Spring Cloud LoadBalancer is currently working with the default cache. While this cache implementation is useful for development and tests, it's recommended to use Caffeine cache in production.You can switch to using Caffeine cache, by adding it and org.springframework.cache.caffeine.CaffeineCacheManager to the classpath.
2024-09-30T23:13:48.824+05:30  INFO 18004 --- [           main] o.s.c.n.eureka.InstanceInfoFactory       : Setting initial instance status as: STARTING
2024-09-30T23:13:48.860+05:30  INFO 18004 --- [           main] com.netflix.discovery.DiscoveryClient    : Initializing Eureka in region us-east-1
2024-09-30T23:13:48.865+05:30  INFO 18004 --- [           main] c.n.d.s.r.aws.ConfigClusterResolver      : Resolving eureka endpoints via configuration
2024-09-30T23:13:48.881+05:30  INFO 18004 --- [           main] com.netflix.discovery.DiscoveryClient    : Disable delta property : false
2024-09-30T23:13:48.881+05:30  INFO 18004 --- [           main] com.netflix.discovery.DiscoveryClient    : Single vip registry refresh property : null
2024-09-30T23:13:48.881+05:30  INFO 18004 --- [           main] com.netflix.discovery.DiscoveryClient    : Force full registry fetch : false
2024-09-30T23:13:48.881+05:30  INFO 18004 --- [           main] com.netflix.discovery.DiscoveryClient    : Application is null : false
2024-09-30T23:13:48.881+05:30  INFO 18004 --- [           main] com.netflix.discovery.DiscoveryClient    : Registered Applications size is zero : true
2024-09-30T23:13:48.881+05:30  INFO 18004 --- [           main] com.netflix.discovery.DiscoveryClient    : Application version is -1: true
2024-09-30T23:13:48.881+05:30  INFO 18004 --- [           main] com.netflix.discovery.DiscoveryClient    : Getting all instance registry info from the eureka server
2024-09-30T23:13:49.388+05:30  INFO 18004 --- [           main] com.netflix.discovery.DiscoveryClient    : The response status is 200
2024-09-30T23:13:49.391+05:30  INFO 18004 --- [           main] com.netflix.discovery.DiscoveryClient    : Starting heartbeat executor: renew interval is: 30
2024-09-30T23:13:49.394+05:30  INFO 18004 --- [           main] c.n.discovery.InstanceInfoReplicator     : InstanceInfoReplicator onDemand update allowed rate per min is 4
2024-09-30T23:13:49.397+05:30  INFO 18004 --- [           main] com.netflix.discovery.DiscoveryClient    : Discovery Client initialized at timestamp 1727718229396 with initial instances count: 2
2024-09-30T23:13:49.402+05:30  INFO 18004 --- [           main] o.s.c.n.e.s.EurekaServiceRegistry        : Registering application UNKNOWN with eureka with status UP
2024-09-30T23:13:49.402+05:30  INFO 18004 --- [           main] com.netflix.discovery.DiscoveryClient    : Saw local status change event StatusChangeEvent [timestamp=1727718229402, current=UP, previous=STARTING]
2024-09-30T23:13:49.407+05:30  INFO 18004 --- [foReplicator-%d] com.netflix.discovery.DiscoveryClient    : DiscoveryClient_UNKNOWN/Harsha-Laptop:8081: registering service...
2024-09-30T23:13:49.425+05:30  INFO 18004 --- [           main] c.h.o.OrderServiceApplicationTests       : Started OrderServiceApplicationTests in 8.047 seconds (process running for 9.217)
2024-09-30T23:13:49.473+05:30  INFO 18004 --- [foReplicator-%d] com.netflix.discovery.DiscoveryClient    : DiscoveryClient_UNKNOWN/Harsha-Laptop:8081 - registration status: 204
]]></system-out>
  </testcase>
</testsuite>