<?xml version="1.0" encoding="UTF-8"?>
<testsuite xmlns:xsi="http://www.w3.org/2001/XMLSchema-instance" xsi:noNamespaceSchemaLocation="https://maven.apache.org/surefire/maven-surefire-plugin/xsd/surefire-test-report-3.0.xsd" version="3.0" name="com.harsha_SMS.product_service.ProductServiceApplicationTests" time="6.225" tests="1" errors="0" skipped="0" failures="0">
  <properties>
[...]
</properties>
  <testcase name="shouldCreateProduct" classname="com.harsha_SMS.product_service.ProductServiceApplicationTests" time="2.208">
    <system-out><![CDATA[12:39:22.550 [main] INFO org.springframework.test.context.support.AnnotationConfigContextLoaderUtils -- Could not detect default configuration classes for test class [com.harsha_SMS.product_service.ProductServiceApplicationTests]: ProductServiceApplicationTests does not declare any static, non-private, non-final, nested classes annotated with @Configuration.
12:39:22.761 [main] INFO org.springframework.boot.test.context.SpringBootTestContextBootstrapper -- Found @SpringBootConfiguration com.harsha_SMS.product_service.ProductServiceApplication for test class com.harsha_SMS.product_service.ProductServiceApplicationTests

  .   ____          _            __ _ _
 /\\ / ___'_ __ _ _(_)_ __  __ _ \ \ \ \
( ( )\___ | '_ | '_| | '_ \/ _` | \ \ \ \
 \\/  ___)| |_)| | | | | || (_| |  ) ) ) )
  '  |____| .__|_| |_|_| |_\__, | / / / /
 =========|_|==============|___/=/_/_/_/

 :: Spring Boot ::                (v3.3.3)

2024-09-29T12:39:23.280+05:30  INFO 12844 --- [product-service] [           main] c.h.p.ProductServiceApplicationTests     : Starting ProductServiceApplicationTests using Java 17.0.12 with PID 12844 (started by harab in F:\Interview Ready\Microservices\product-service\microservices-new\product-service)
2024-09-29T12:39:23.283+05:30  INFO 12844 --- [product-service] [           main] c.h.p.ProductServiceApplicationTests     : No active profile set, falling back to 1 default profile: "default"
2024-09-29T12:39:24.124+05:30  INFO 12844 --- [product-service] [           main] .s.d.r.c.RepositoryConfigurationDelegate : Bootstrapping Spring Data MongoDB repositories in DEFAULT mode.
2024-09-29T12:39:24.201+05:30  INFO 12844 --- [product-service] [           main] .s.d.r.c.RepositoryConfigurationDelegate : Finished Spring Data repository scanning in 69 ms. Found 1 MongoDB repository interface.
2024-09-29T12:39:25.092+05:30  INFO 12844 --- [product-service] [           main] org.mongodb.driver.client                : MongoClient with metadata {"application": {"name": "Cluster0"}, "driver": {"name": "mongo-java-driver|sync|spring-boot", "version": "5.0.1"}, "os": {"type": "Windows", "name": "Windows 11", "architecture": "amd64", "version": "10.0"}, "platform": "Java/Oracle Corporation/17.0.12+8-LTS-286"} created with settings MongoClientSettings{readPreference=primary, writeConcern=WriteConcern{w=majority, wTimeout=null ms, journal=null}, retryWrites=true, retryReads=true, readConcern=ReadConcern{level=null}, credential=MongoCredential{mechanism=null, userName='harshabiz', source='admin', password=<hidden>, mechanismProperties=<hidden>}, transportSettings=null, commandListeners=[], codecRegistry=ProvidersCodecRegistry{codecProviders=[ValueCodecProvider{}, BsonValueCodecProvider{}, DBRefCodecProvider{}, DBObjectCodecProvider{}, DocumentCodecProvider{}, CollectionCodecProvider{}, IterableCodecProvider{}, MapCodecProvider{}, GeoJsonCodecProvider{}, GridFSFileCodecProvider{}, Jsr310CodecProvider{}, JsonObjectCodecProvider{}, BsonCodecProvider{}, EnumCodecProvider{}, com.mongodb.client.model.mql.ExpressionCodecProvider@75fd65c, com.mongodb.Jep395RecordCodecProvider@d499c13, com.mongodb.KotlinCodecProvider@2ceca2ef]}, loggerSettings=LoggerSettings{maxDocumentLength=1000}, clusterSettings={hosts=[127.0.0.1:27017], srvHost=cluster0.doabeee.mongodb.net, srvServiceName=mongodb, mode=MULTIPLE, requiredClusterType=REPLICA_SET, requiredReplicaSetName='atlas-fe5u88-shard-0', serverSelector='null', clusterListeners='[]', serverSelectionTimeout='30000 ms', localThreshold='15 ms'}, socketSettings=SocketSettings{connectTimeoutMS=10000, readTimeoutMS=0, receiveBufferSize=0, proxySettings=ProxySettings{host=null, port=null, username=null, password=null}}, heartbeatSocketSettings=SocketSettings{connectTimeoutMS=10000, readTimeoutMS=10000, receiveBufferSize=0, proxySettings=ProxySettings{host=null, port=null, username=null, password=null}}, connectionPoolSettings=ConnectionPoolSettings{maxSize=100, minSize=0, maxWaitTimeMS=120000, maxConnectionLifeTimeMS=0, maxConnectionIdleTimeMS=0, maintenanceInitialDelayMS=0, maintenanceFrequencyMS=60000, connectionPoolListeners=[], maxConnecting=2}, serverSettings=ServerSettings{heartbeatFrequencyMS=10000, minHeartbeatFrequencyMS=500, serverListeners='[]', serverMonitorListeners='[]'}, sslSettings=SslSettings{enabled=true, invalidHostNameAllowed=false, context=null}, applicationName='Cluster0', compressorList=[], uuidRepresentation=JAVA_LEGACY, serverApi=null, autoEncryptionSettings=null, dnsClient=null, inetAddressResolver=null, contextProvider=null}
2024-09-29T12:39:25.284+05:30  INFO 12844 --- [product-service] [eee.mongodb.net] org.mongodb.driver.cluster               : Adding discovered server ac-5iebrlb-shard-00-01.doabeee.mongodb.net:27017 to client view of cluster
2024-09-29T12:39:25.331+05:30  INFO 12844 --- [product-service] [eee.mongodb.net] org.mongodb.driver.cluster               : Adding discovered server ac-5iebrlb-shard-00-00.doabeee.mongodb.net:27017 to client view of cluster
2024-09-29T12:39:25.335+05:30  INFO 12844 --- [product-service] [eee.mongodb.net] org.mongodb.driver.cluster               : Adding discovered server ac-5iebrlb-shard-00-02.doabeee.mongodb.net:27017 to client view of cluster
2024-09-29T12:39:26.314+05:30  INFO 12844 --- [product-service] [           main] o.s.b.t.m.w.SpringBootMockServletContext : Initializing Spring TestDispatcherServlet ''
2024-09-29T12:39:26.315+05:30  INFO 12844 --- [product-service] [           main] o.s.t.web.servlet.TestDispatcherServlet  : Initializing Servlet ''
2024-09-29T12:39:26.317+05:30  INFO 12844 --- [product-service] [           main] o.s.t.web.servlet.TestDispatcherServlet  : Completed initialization in 1 ms
2024-09-29T12:39:26.354+05:30  INFO 12844 --- [product-service] [           main] c.h.p.ProductServiceApplicationTests     : Started ProductServiceApplicationTests in 3.382 seconds (process running for 4.677)
2024-09-29T12:39:26.470+05:30  INFO 12844 --- [product-service] [ngodb.net:27017] org.mongodb.driver.cluster               : Monitor thread successfully connected to server with description ServerDescription{address=ac-5iebrlb-shard-00-00.doabeee.mongodb.net:27017, type=REPLICA_SET_SECONDARY, state=CONNECTED, ok=true, minWireVersion=0, maxWireVersion=21, maxDocumentSize=16777216, logicalSessionTimeoutMinutes=30, roundTripTimeNanos=581910700, setName='atlas-fe5u88-shard-0', canonicalAddress=ac-5iebrlb-shard-00-00.doabeee.mongodb.net:27017, hosts=[ac-5iebrlb-shard-00-00.doabeee.mongodb.net:27017, ac-5iebrlb-shard-00-01.doabeee.mongodb.net:27017, ac-5iebrlb-shard-00-02.doabeee.mongodb.net:27017], passives=[], arbiters=[], primary='ac-5iebrlb-shard-00-02.doabeee.mongodb.net:27017', tagSet=TagSet{[Tag{name='diskState', value='READY'}, Tag{name='nodeType', value='ELECTABLE'}, Tag{name='provider', value='AZURE'}, Tag{name='region', value='INDIA_CENTRAL'}, Tag{name='workloadType', value='OPERATIONAL'}]}, electionId=null, setVersion=3, topologyVersion=TopologyVersion{processId=66ce31fe225f92affeb7a7c8, counter=4}, lastWriteDate=Sun Sep 29 12:39:25 IST 2024, lastUpdateTimeNanos=12380487648300}
2024-09-29T12:39:26.470+05:30  INFO 12844 --- [product-service] [ngodb.net:27017] org.mongodb.driver.cluster               : Monitor thread successfully connected to server with description ServerDescription{address=ac-5iebrlb-shard-00-01.doabeee.mongodb.net:27017, type=REPLICA_SET_SECONDARY, state=CONNECTED, ok=true, minWireVersion=0, maxWireVersion=21, maxDocumentSize=16777216, logicalSessionTimeoutMinutes=30, roundTripTimeNanos=582318400, setName='atlas-fe5u88-shard-0', canonicalAddress=ac-5iebrlb-shard-00-01.doabeee.mongodb.net:27017, hosts=[ac-5iebrlb-shard-00-00.doabeee.mongodb.net:27017, ac-5iebrlb-shard-00-01.doabeee.mongodb.net:27017, ac-5iebrlb-shard-00-02.doabeee.mongodb.net:27017], passives=[], arbiters=[], primary='ac-5iebrlb-shard-00-02.doabeee.mongodb.net:27017', tagSet=TagSet{[Tag{name='diskState', value='READY'}, Tag{name='nodeType', value='ELECTABLE'}, Tag{name='provider', value='AZURE'}, Tag{name='region', value='INDIA_CENTRAL'}, Tag{name='workloadType', value='OPERATIONAL'}]}, electionId=null, setVersion=3, topologyVersion=TopologyVersion{processId=66ce32a3b890ea81cb56bd99, counter=3}, lastWriteDate=Sun Sep 29 12:39:25 IST 2024, lastUpdateTimeNanos=12380488054000}
2024-09-29T12:39:26.470+05:30  INFO 12844 --- [product-service] [ngodb.net:27017] org.mongodb.driver.cluster               : Monitor thread successfully connected to server with description ServerDescription{address=ac-5iebrlb-shard-00-02.doabeee.mongodb.net:27017, type=REPLICA_SET_PRIMARY, state=CONNECTED, ok=true, minWireVersion=0, maxWireVersion=21, maxDocumentSize=16777216, logicalSessionTimeoutMinutes=30, roundTripTimeNanos=575653800, setName='atlas-fe5u88-shard-0', canonicalAddress=ac-5iebrlb-shard-00-02.doabeee.mongodb.net:27017, hosts=[ac-5iebrlb-shard-00-00.doabeee.mongodb.net:27017, ac-5iebrlb-shard-00-01.doabeee.mongodb.net:27017, ac-5iebrlb-shard-00-02.doabeee.mongodb.net:27017], passives=[], arbiters=[], primary='ac-5iebrlb-shard-00-02.doabeee.mongodb.net:27017', tagSet=TagSet{[Tag{name='diskState', value='READY'}, Tag{name='nodeType', value='ELECTABLE'}, Tag{name='provider', value='AZURE'}, Tag{name='region', value='INDIA_CENTRAL'}, Tag{name='workloadType', value='OPERATIONAL'}]}, electionId=7fffffff0000000000000070, setVersion=3, topologyVersion=TopologyVersion{processId=66ce3251176abcd3e6a88280, counter=6}, lastWriteDate=Sun Sep 29 12:39:25 IST 2024, lastUpdateTimeNanos=12380487797000}
2024-09-29T12:39:26.478+05:30  INFO 12844 --- [product-service] [ngodb.net:27017] org.mongodb.driver.cluster               : Discovered replica set primary ac-5iebrlb-shard-00-02.doabeee.mongodb.net:27017 with max election id 7fffffff0000000000000070 and max set version 3
2024-09-29T12:39:28.424+05:30  INFO 12844 --- [product-service] [           main] c.h.p.service.ProductService             : Product 66f8fd28eeae68730f3d25b3 is saved
]]></system-out>
  </testcase>
</testsuite>