<?xml version="1.0" encoding="UTF-8"?>
<testsuite xmlns:xsi="http://www.w3.org/2001/XMLSchema-instance" xsi:noNamespaceSchemaLocation="https://maven.apache.org/surefire/maven-surefire-plugin/xsd/surefire-test-report-3.0.xsd" version="3.0" name="com.harsha_SMS.product_service.ProductServiceApplicationTests" time="10.884" tests="1" errors="0" skipped="0" failures="0">
  <properties>
[...]
</properties>
  <testcase name="shouldCreateProduct" classname="com.harsha_SMS.product_service.ProductServiceApplicationTests" time="3.403">
    <system-out><![CDATA[21:06:50.155 [main] INFO org.springframework.test.context.support.AnnotationConfigContextLoaderUtils -- Could not detect default configuration classes for test class [com.harsha_SMS.product_service.ProductServiceApplicationTests]: ProductServiceApplicationTests does not declare any static, non-private, non-final, nested classes annotated with @Configuration.
21:06:50.416 [main] INFO org.springframework.boot.test.context.SpringBootTestContextBootstrapper -- Found @SpringBootConfiguration com.harsha_SMS.product_service.ProductServiceApplication for test class com.harsha_SMS.product_service.ProductServiceApplicationTests

  .   ____          _            __ _ _
 /\\ / ___'_ __ _ _(_)_ __  __ _ \ \ \ \
( ( )\___ | '_ | '_| | '_ \/ _` | \ \ \ \
 \\/  ___)| |_)| | | | | || (_| |  ) ) ) )
  '  |____| .__|_| |_|_| |_\__, | / / / /
 =========|_|==============|___/=/_/_/_/
 :: Spring Boot ::                (v3.2.4)

2024-10-02T21:06:51.637+05:30  INFO 2052 --- [product-service] [           main] c.h.p.ProductServiceApplicationTests     : Starting ProductServiceApplicationTests using Java 17.0.12 with PID 2052 (started by harab in F:\Interview Ready\Microservices\product-service\microservices-new\product-service)
2024-10-02T21:06:51.640+05:30  INFO 2052 --- [product-service] [           main] c.h.p.ProductServiceApplicationTests     : No active profile set, falling back to 1 default profile: "default"
2024-10-02T21:06:53.177+05:30  INFO 2052 --- [product-service] [           main] .s.d.r.c.RepositoryConfigurationDelegate : Bootstrapping Spring Data MongoDB repositories in DEFAULT mode.
2024-10-02T21:06:53.569+05:30  INFO 2052 --- [product-service] [           main] .s.d.r.c.RepositoryConfigurationDelegate : Finished Spring Data repository scanning in 376 ms. Found 1 MongoDB repository interface.
2024-10-02T21:06:54.700+05:30  INFO 2052 --- [product-service] [           main] org.mongodb.driver.client                : MongoClient with metadata {"application": {"name": "Cluster0"}, "driver": {"name": "mongo-java-driver|sync|spring-boot", "version": "4.11.1"}, "os": {"type": "Windows", "name": "Windows 11", "architecture": "amd64", "version": "10.0"}, "platform": "Java/Oracle Corporation/17.0.12+8-LTS-286"} created with settings MongoClientSettings{readPreference=primary, writeConcern=WriteConcern{w=majority, wTimeout=null ms, journal=null}, retryWrites=true, retryReads=true, readConcern=ReadConcern{level=null}, credential=MongoCredential{mechanism=null, userName='harshabiz', source='admin', password=<hidden>, mechanismProperties=<hidden>}, transportSettings=null, streamFactoryFactory=null, commandListeners=[], codecRegistry=ProvidersCodecRegistry{codecProviders=[ValueCodecProvider{}, BsonValueCodecProvider{}, DBRefCodecProvider{}, DBObjectCodecProvider{}, DocumentCodecProvider{}, CollectionCodecProvider{}, IterableCodecProvider{}, MapCodecProvider{}, GeoJsonCodecProvider{}, GridFSFileCodecProvider{}, Jsr310CodecProvider{}, JsonObjectCodecProvider{}, BsonCodecProvider{}, EnumCodecProvider{}, com.mongodb.client.model.mql.ExpressionCodecProvider@7126e26, com.mongodb.Jep395RecordCodecProvider@151ab2b9, com.mongodb.KotlinCodecProvider@13ed066e]}, loggerSettings=LoggerSettings{maxDocumentLength=1000}, clusterSettings={hosts=[127.0.0.1:27017], srvHost=cluster0.doabeee.mongodb.net, srvServiceName=mongodb, mode=MULTIPLE, requiredClusterType=REPLICA_SET, requiredReplicaSetName='atlas-fe5u88-shard-0', serverSelector='null', clusterListeners='[]', serverSelectionTimeout='30000 ms', localThreshold='15 ms'}, socketSettings=SocketSettings{connectTimeoutMS=10000, readTimeoutMS=0, receiveBufferSize=0, proxySettings=ProxySettings{host=null, port=null, username=null, password=null}}, heartbeatSocketSettings=SocketSettings{connectTimeoutMS=10000, readTimeoutMS=10000, receiveBufferSize=0, proxySettings=ProxySettings{host=null, port=null, username=null, password=null}}, connectionPoolSettings=ConnectionPoolSettings{maxSize=100, minSize=0, maxWaitTimeMS=120000, maxConnectionLifeTimeMS=0, maxConnectionIdleTimeMS=0, maintenanceInitialDelayMS=0, maintenanceFrequencyMS=60000, connectionPoolListeners=[], maxConnecting=2}, serverSettings=ServerSettings{heartbeatFrequencyMS=10000, minHeartbeatFrequencyMS=500, serverListeners='[]', serverMonitorListeners='[]'}, sslSettings=SslSettings{enabled=true, invalidHostNameAllowed=false, context=null}, applicationName='Cluster0', compressorList=[], uuidRepresentation=JAVA_LEGACY, serverApi=null, autoEncryptionSettings=null, dnsClient=null, inetAddressResolver=null, contextProvider=null}
2024-10-02T21:06:54.846+05:30  INFO 2052 --- [product-service] [eee.mongodb.net] org.mongodb.driver.cluster               : Adding discovered server ac-5iebrlb-shard-00-01.doabeee.mongodb.net:27017 to client view of cluster
2024-10-02T21:06:54.893+05:30  INFO 2052 --- [product-service] [eee.mongodb.net] org.mongodb.driver.cluster               : Adding discovered server ac-5iebrlb-shard-00-00.doabeee.mongodb.net:27017 to client view of cluster
2024-10-02T21:06:54.899+05:30  INFO 2052 --- [product-service] [eee.mongodb.net] org.mongodb.driver.cluster               : Adding discovered server ac-5iebrlb-shard-00-02.doabeee.mongodb.net:27017 to client view of cluster
2024-10-02T21:06:56.352+05:30  INFO 2052 --- [product-service] [ngodb.net:27017] org.mongodb.driver.cluster               : Monitor thread successfully connected to server with description ServerDescription{address=ac-5iebrlb-shard-00-01.doabeee.mongodb.net:27017, type=REPLICA_SET_SECONDARY, state=CONNECTED, ok=true, minWireVersion=0, maxWireVersion=21, maxDocumentSize=16777216, logicalSessionTimeoutMinutes=30, roundTripTimeNanos=718722300, setName='atlas-fe5u88-shard-0', canonicalAddress=ac-5iebrlb-shard-00-01.doabeee.mongodb.net:27017, hosts=[ac-5iebrlb-shard-00-00.doabeee.mongodb.net:27017, ac-5iebrlb-shard-00-01.doabeee.mongodb.net:27017, ac-5iebrlb-shard-00-02.doabeee.mongodb.net:27017], passives=[], arbiters=[], primary='ac-5iebrlb-shard-00-02.doabeee.mongodb.net:27017', tagSet=TagSet{[Tag{name='diskState', value='READY'}, Tag{name='nodeType', value='ELECTABLE'}, Tag{name='provider', value='AZURE'}, Tag{name='region', value='INDIA_CENTRAL'}, Tag{name='workloadType', value='OPERATIONAL'}]}, electionId=null, setVersion=3, topologyVersion=TopologyVersion{processId=66ce32a3b890ea81cb56bd99, counter=3}, lastWriteDate=Wed Oct 02 21:06:53 IST 2024, lastUpdateTimeNanos=28090277068200}
2024-10-02T21:06:56.355+05:30  INFO 2052 --- [product-service] [ngodb.net:27017] org.mongodb.driver.cluster               : Monitor thread successfully connected to server with description ServerDescription{address=ac-5iebrlb-shard-00-00.doabeee.mongodb.net:27017, type=REPLICA_SET_SECONDARY, state=CONNECTED, ok=true, minWireVersion=0, maxWireVersion=21, maxDocumentSize=16777216, logicalSessionTimeoutMinutes=30, roundTripTimeNanos=719663800, setName='atlas-fe5u88-shard-0', canonicalAddress=ac-5iebrlb-shard-00-00.doabeee.mongodb.net:27017, hosts=[ac-5iebrlb-shard-00-00.doabeee.mongodb.net:27017, ac-5iebrlb-shard-00-01.doabeee.mongodb.net:27017, ac-5iebrlb-shard-00-02.doabeee.mongodb.net:27017], passives=[], arbiters=[], primary='ac-5iebrlb-shard-00-02.doabeee.mongodb.net:27017', tagSet=TagSet{[Tag{name='diskState', value='READY'}, Tag{name='nodeType', value='ELECTABLE'}, Tag{name='provider', value='AZURE'}, Tag{name='region', value='INDIA_CENTRAL'}, Tag{name='workloadType', value='OPERATIONAL'}]}, electionId=null, setVersion=3, topologyVersion=TopologyVersion{processId=66ce31fe225f92affeb7a7c8, counter=4}, lastWriteDate=Wed Oct 02 21:06:53 IST 2024, lastUpdateTimeNanos=28090277068100}
2024-10-02T21:06:56.355+05:30  INFO 2052 --- [product-service] [ngodb.net:27017] org.mongodb.driver.cluster               : Monitor thread successfully connected to server with description ServerDescription{address=ac-5iebrlb-shard-00-02.doabeee.mongodb.net:27017, type=REPLICA_SET_PRIMARY, state=CONNECTED, ok=true, minWireVersion=0, maxWireVersion=21, maxDocumentSize=16777216, logicalSessionTimeoutMinutes=30, roundTripTimeNanos=724772200, setName='atlas-fe5u88-shard-0', canonicalAddress=ac-5iebrlb-shard-00-02.doabeee.mongodb.net:27017, hosts=[ac-5iebrlb-shard-00-00.doabeee.mongodb.net:27017, ac-5iebrlb-shard-00-01.doabeee.mongodb.net:27017, ac-5iebrlb-shard-00-02.doabeee.mongodb.net:27017], passives=[], arbiters=[], primary='ac-5iebrlb-shard-00-02.doabeee.mongodb.net:27017', tagSet=TagSet{[Tag{name='diskState', value='READY'}, Tag{name='nodeType', value='ELECTABLE'}, Tag{name='provider', value='AZURE'}, Tag{name='region', value='INDIA_CENTRAL'}, Tag{name='workloadType', value='OPERATIONAL'}]}, electionId=7fffffff0000000000000070, setVersion=3, topologyVersion=TopologyVersion{processId=66ce3251176abcd3e6a88280, counter=6}, lastWriteDate=Wed Oct 02 21:06:53 IST 2024, lastUpdateTimeNanos=28090277305000}
2024-10-02T21:06:56.362+05:30  INFO 2052 --- [product-service] [ngodb.net:27017] org.mongodb.driver.cluster               : Discovered replica set primary ac-5iebrlb-shard-00-02.doabeee.mongodb.net:27017 with max election id 7fffffff0000000000000070 and max set version 3
2024-10-02T21:06:57.118+05:30  INFO 2052 --- [product-service] [           main] o.s.b.t.m.w.SpringBootMockServletContext : Initializing Spring TestDispatcherServlet ''
2024-10-02T21:06:57.119+05:30  INFO 2052 --- [product-service] [           main] o.s.t.web.servlet.TestDispatcherServlet  : Initializing Servlet ''
2024-10-02T21:06:57.123+05:30  INFO 2052 --- [product-service] [           main] o.s.t.web.servlet.TestDispatcherServlet  : Completed initialization in 2 ms
2024-10-02T21:06:57.189+05:30  INFO 2052 --- [product-service] [           main] c.h.p.ProductServiceApplicationTests     : Started ProductServiceApplicationTests in 6.442 seconds (process running for 8.492)
2024-10-02T21:07:00.429+05:30  INFO 2052 --- [product-service] [           main] c.h.p.service.ProductService             : Product 66fd689c4cc6f5547d2e941c is saved
]]></system-out>
  </testcase>
</testsuite>